<?xml version="1.0" encoding="UTF-8"?>
<coverage generated="1559712913432" clover="3.2.0">
  <project timestamp="1559712913432" name="All files">
    <metrics statements="149" coveredstatements="149" conditionals="136" coveredconditionals="136" methods="12" coveredmethods="12" elements="297" coveredelements="297" complexity="0" loc="149" ncloc="149" packages="1" files="10" classes="10"/>
    <file name="addSpacing.js" path="C:\Users\fusi0\IdeaProjects\codename-arcane-island\components\utils\addSpacing.js">
      <metrics statements="8" coveredstatements="8" conditionals="4" coveredconditionals="4" methods="1" coveredmethods="1"/>
      <line num="2" count="6" type="cond" truecount="2" falsecount="0"/>
      <line num="3" count="1" type="stmt"/>
      <line num="5" count="5" type="stmt"/>
      <line num="6" count="5" type="stmt"/>
      <line num="7" count="18" type="cond" truecount="2" falsecount="0"/>
      <line num="8" count="3" type="stmt"/>
      <line num="11" count="15" type="stmt"/>
      <line num="14" count="5" type="stmt"/>
    </file>
    <file name="capitalize.js" path="C:\Users\fusi0\IdeaProjects\codename-arcane-island\components\utils\capitalize.js">
      <metrics statements="8" coveredstatements="8" conditionals="4" coveredconditionals="4" methods="1" coveredmethods="1"/>
      <line num="2" count="8" type="cond" truecount="2" falsecount="0"/>
      <line num="3" count="1" type="stmt"/>
      <line num="5" count="7" type="stmt"/>
      <line num="6" count="7" type="stmt"/>
      <line num="7" count="50" type="cond" truecount="2" falsecount="0"/>
      <line num="8" count="6" type="stmt"/>
      <line num="11" count="44" type="stmt"/>
      <line num="14" count="7" type="stmt"/>
    </file>
    <file name="convertStringToDate.js" path="C:\Users\fusi0\IdeaProjects\codename-arcane-island\components\utils\convertStringToDate.js">
      <metrics statements="5" coveredstatements="5" conditionals="7" coveredconditionals="7" methods="1" coveredmethods="1"/>
      <line num="2" count="23" type="stmt"/>
      <line num="3" count="23" type="stmt"/>
      <line num="4" count="16" type="stmt"/>
      <line num="5" count="16" type="cond" truecount="7" falsecount="0"/>
      <line num="8" count="7" type="stmt"/>
    </file>
    <file name="getDateRange.js" path="C:\Users\fusi0\IdeaProjects\codename-arcane-island\components\utils\getDateRange.js">
      <metrics statements="12" coveredstatements="12" conditionals="10" coveredconditionals="10" methods="1" coveredmethods="1"/>
      <line num="5" count="7" type="stmt"/>
      <line num="6" count="7" type="stmt"/>
      <line num="7" count="7" type="cond" truecount="4" falsecount="0"/>
      <line num="8" count="1" type="stmt"/>
      <line num="10" count="6" type="stmt"/>
      <line num="11" count="6" type="cond" truecount="2" falsecount="0"/>
      <line num="12" count="2" type="cond" truecount="2" falsecount="0"/>
      <line num="13" count="1" type="stmt"/>
      <line num="16" count="1" type="stmt"/>
      <line num="19" count="4" type="cond" truecount="2" falsecount="0"/>
      <line num="20" count="1" type="stmt"/>
      <line num="23" count="3" type="stmt"/>
    </file>
    <file name="getList.js" path="C:\Users\fusi0\IdeaProjects\codename-arcane-island\components\utils\getList.js">
      <metrics statements="27" coveredstatements="27" conditionals="19" coveredconditionals="19" methods="1" coveredmethods="1"/>
      <line num="2" count="12" type="stmt"/>
      <line num="3" count="12" type="cond" truecount="4" falsecount="0"/>
      <line num="4" count="4" type="stmt"/>
      <line num="6" count="8" type="cond" truecount="2" falsecount="0"/>
      <line num="7" count="4" type="stmt"/>
      <line num="8" count="4" type="stmt"/>
      <line num="9" count="4" type="stmt"/>
      <line num="10" count="106" type="cond" truecount="2" falsecount="0"/>
      <line num="11" count="4" type="stmt"/>
      <line num="12" count="4" type="stmt"/>
      <line num="13" count="4" type="stmt"/>
      <line num="16" count="4" type="stmt"/>
      <line num="17" count="4" type="stmt"/>
      <line num="19" count="4" type="cond" truecount="2" falsecount="0"/>
      <line num="20" count="3" type="stmt"/>
      <line num="21" count="3" type="stmt"/>
      <line num="22" count="3" type="stmt"/>
      <line num="23" count="110" type="cond" truecount="5" falsecount="0"/>
      <line num="24" count="2" type="stmt"/>
      <line num="25" count="2" type="stmt"/>
      <line num="26" count="2" type="stmt"/>
      <line num="29" count="108" type="stmt"/>
      <line num="30" count="108" type="cond" truecount="4" falsecount="0"/>
      <line num="31" count="3" type="stmt"/>
      <line num="35" count="3" type="stmt"/>
      <line num="36" count="3" type="stmt"/>
      <line num="39" count="1" type="stmt"/>
    </file>
    <file name="getReadableDate.js" path="C:\Users\fusi0\IdeaProjects\codename-arcane-island\components\utils\getReadableDate.js">
      <metrics statements="24" coveredstatements="24" conditionals="21" coveredconditionals="21" methods="3" coveredmethods="3"/>
      <line num="2" count="22" type="cond" truecount="2" falsecount="0"/>
      <line num="3" count="16" type="stmt"/>
      <line num="6" count="6" type="stmt"/>
      <line num="11" count="16" type="cond" truecount="7" falsecount="0"/>
      <line num="13" count="4" type="stmt"/>
      <line num="15" count="1" type="stmt"/>
      <line num="17" count="6" type="stmt"/>
      <line num="19" count="1" type="stmt"/>
      <line num="21" count="1" type="stmt"/>
      <line num="23" count="2" type="stmt"/>
      <line num="25" count="1" type="stmt"/>
      <line num="30" count="16" type="cond" truecount="12" falsecount="0"/>
      <line num="32" count="1" type="stmt"/>
      <line num="34" count="1" type="stmt"/>
      <line num="36" count="1" type="stmt"/>
      <line num="38" count="1" type="stmt"/>
      <line num="40" count="1" type="stmt"/>
      <line num="42" count="5" type="stmt"/>
      <line num="44" count="1" type="stmt"/>
      <line num="46" count="1" type="stmt"/>
      <line num="48" count="1" type="stmt"/>
      <line num="50" count="1" type="stmt"/>
      <line num="52" count="1" type="stmt"/>
      <line num="54" count="1" type="stmt"/>
    </file>
    <file name="getReadablePhone.js" path="C:\Users\fusi0\IdeaProjects\codename-arcane-island\components\utils\getReadablePhone.js">
      <metrics statements="5" coveredstatements="5" conditionals="4" coveredconditionals="4" methods="1" coveredmethods="1"/>
      <line num="2" count="4" type="cond" truecount="2" falsecount="0"/>
      <line num="3" count="2" type="stmt"/>
      <line num="5" count="2" type="cond" truecount="2" falsecount="0"/>
      <line num="6" count="1" type="stmt"/>
      <line num="9" count="1" type="stmt"/>
    </file>
    <file name="getTimeRange.js" path="C:\Users\fusi0\IdeaProjects\codename-arcane-island\components\utils\getTimeRange.js">
      <metrics statements="7" coveredstatements="7" conditionals="12" coveredconditionals="12" methods="1" coveredmethods="1"/>
      <line num="2" count="6" type="cond" truecount="4" falsecount="0"/>
      <line num="3" count="3" type="cond" truecount="4" falsecount="0"/>
      <line num="4" count="1" type="stmt"/>
      <line num="7" count="2" type="stmt"/>
      <line num="11" count="3" type="cond" truecount="4" falsecount="0"/>
      <line num="12" count="2" type="stmt"/>
      <line num="15" count="1" type="stmt"/>
    </file>
    <file name="getTimeZone.js" path="C:\Users\fusi0\IdeaProjects\codename-arcane-island\components\utils\getTimeZone.js">
      <metrics statements="52" coveredstatements="52" conditionals="51" coveredconditionals="51" methods="1" coveredmethods="1"/>
      <line num="2" count="51" type="cond" truecount="51" falsecount="0"/>
      <line num="4" count="1" type="stmt"/>
      <line num="6" count="1" type="stmt"/>
      <line num="8" count="1" type="stmt"/>
      <line num="10" count="1" type="stmt"/>
      <line num="12" count="1" type="stmt"/>
      <line num="14" count="1" type="stmt"/>
      <line num="16" count="1" type="stmt"/>
      <line num="18" count="1" type="stmt"/>
      <line num="20" count="1" type="stmt"/>
      <line num="22" count="1" type="stmt"/>
      <line num="24" count="1" type="stmt"/>
      <line num="26" count="1" type="stmt"/>
      <line num="28" count="1" type="stmt"/>
      <line num="30" count="1" type="stmt"/>
      <line num="32" count="1" type="stmt"/>
      <line num="34" count="1" type="stmt"/>
      <line num="36" count="1" type="stmt"/>
      <line num="38" count="1" type="stmt"/>
      <line num="40" count="1" type="stmt"/>
      <line num="42" count="1" type="stmt"/>
      <line num="44" count="1" type="stmt"/>
      <line num="46" count="1" type="stmt"/>
      <line num="48" count="1" type="stmt"/>
      <line num="50" count="1" type="stmt"/>
      <line num="52" count="1" type="stmt"/>
      <line num="54" count="1" type="stmt"/>
      <line num="56" count="1" type="stmt"/>
      <line num="58" count="1" type="stmt"/>
      <line num="60" count="1" type="stmt"/>
      <line num="62" count="1" type="stmt"/>
      <line num="64" count="1" type="stmt"/>
      <line num="66" count="1" type="stmt"/>
      <line num="68" count="1" type="stmt"/>
      <line num="70" count="1" type="stmt"/>
      <line num="72" count="1" type="stmt"/>
      <line num="74" count="1" type="stmt"/>
      <line num="76" count="1" type="stmt"/>
      <line num="78" count="1" type="stmt"/>
      <line num="80" count="1" type="stmt"/>
      <line num="82" count="1" type="stmt"/>
      <line num="84" count="1" type="stmt"/>
      <line num="86" count="1" type="stmt"/>
      <line num="88" count="1" type="stmt"/>
      <line num="90" count="1" type="stmt"/>
      <line num="92" count="1" type="stmt"/>
      <line num="94" count="1" type="stmt"/>
      <line num="96" count="1" type="stmt"/>
      <line num="98" count="1" type="stmt"/>
      <line num="100" count="1" type="stmt"/>
      <line num="102" count="1" type="stmt"/>
      <line num="104" count="1" type="stmt"/>
    </file>
    <file name="sanitized.js" path="C:\Users\fusi0\IdeaProjects\codename-arcane-island\components\utils\sanitized.js">
      <metrics statements="1" coveredstatements="1" conditionals="4" coveredconditionals="4" methods="1" coveredmethods="1"/>
      <line num="2" count="4" type="cond" truecount="4" falsecount="0"/>
    </file>
  </project>
</coverage>
