{"C:\\Users\\fusi0\\IdeaProjects\\codename-arcane-island\\components\\utils\\JSONtoArray.js": {"path":"C:\\Users\\fusi0\\IdeaProjects\\codename-arcane-island\\components\\utils\\JSONtoArray.js","statementMap":{"0":{"start":{"line":2,"column":4},"end":{"line":4,"column":5}},"1":{"start":{"line":3,"column":8},"end":{"line":3,"column":18}},"2":{"start":{"line":5,"column":14},"end":{"line":5,"column":16}},"3":{"start":{"line":6,"column":4},"end":{"line":8,"column":5}},"4":{"start":{"line":7,"column":8},"end":{"line":7,"column":35}},"5":{"start":{"line":9,"column":4},"end":{"line":9,"column":15}}},"fnMap":{"0":{"name":"JSONtoArray","decl":{"start":{"line":1,"column":9},"end":{"line":1,"column":20}},"loc":{"start":{"line":1,"column":26},"end":{"line":10,"column":1}},"line":1}},"branchMap":{"0":{"loc":{"start":{"line":2,"column":4},"end":{"line":4,"column":5}},"type":"if","locations":[{"start":{"line":2,"column":4},"end":{"line":4,"column":5}},{"start":{"line":2,"column":4},"end":{"line":4,"column":5}}],"line":2},"1":{"loc":{"start":{"line":2,"column":7},"end":{"line":2,"column":47}},"type":"binary-expr","locations":[{"start":{"line":2,"column":7},"end":{"line":2,"column":19}},{"start":{"line":2,"column":23},"end":{"line":2,"column":47}}],"line":2}},"s":{"0":4,"1":1,"2":3,"3":3,"4":3,"5":3},"f":{"0":4},"b":{"0":[1,3],"1":[4,3]},"_coverageSchema":"43e27e138ebf9cfc5966b082cf9a028302ed4184","hash":"8cf7d6176847383c1ead0a925e6ad5a0af343fc9"}
,"C:\\Users\\fusi0\\IdeaProjects\\codename-arcane-island\\components\\utils\\JSONtoString.js": {"path":"C:\\Users\\fusi0\\IdeaProjects\\codename-arcane-island\\components\\utils\\JSONtoString.js","statementMap":{"0":{"start":{"line":5,"column":4},"end":{"line":7,"column":5}},"1":{"start":{"line":6,"column":8},"end":{"line":6,"column":18}},"2":{"start":{"line":8,"column":14},"end":{"line":8,"column":16}},"3":{"start":{"line":9,"column":4},"end":{"line":11,"column":5}},"4":{"start":{"line":10,"column":8},"end":{"line":10,"column":43}},"5":{"start":{"line":12,"column":4},"end":{"line":12,"column":24}}},"fnMap":{"0":{"name":"JSONtoString","decl":{"start":{"line":4,"column":9},"end":{"line":4,"column":21}},"loc":{"start":{"line":4,"column":27},"end":{"line":13,"column":1}},"line":4}},"branchMap":{"0":{"loc":{"start":{"line":5,"column":4},"end":{"line":7,"column":5}},"type":"if","locations":[{"start":{"line":5,"column":4},"end":{"line":7,"column":5}},{"start":{"line":5,"column":4},"end":{"line":7,"column":5}}],"line":5},"1":{"loc":{"start":{"line":5,"column":7},"end":{"line":5,"column":47}},"type":"binary-expr","locations":[{"start":{"line":5,"column":7},"end":{"line":5,"column":19}},{"start":{"line":5,"column":23},"end":{"line":5,"column":47}}],"line":5}},"s":{"0":4,"1":1,"2":3,"3":3,"4":3,"5":3},"f":{"0":4},"b":{"0":[1,3],"1":[4,3]},"_coverageSchema":"43e27e138ebf9cfc5966b082cf9a028302ed4184","hash":"615abd9895c7ee2f8e3f9cd44c9222571faaec5d"}
,"C:\\Users\\fusi0\\IdeaProjects\\codename-arcane-island\\components\\utils\\StringToJSON.js": {"path":"C:\\Users\\fusi0\\IdeaProjects\\codename-arcane-island\\components\\utils\\StringToJSON.js","statementMap":{"0":{"start":{"line":2,"column":4},"end":{"line":4,"column":5}},"1":{"start":{"line":3,"column":8},"end":{"line":3,"column":18}},"2":{"start":{"line":5,"column":15},"end":{"line":5,"column":17}},"3":{"start":{"line":6,"column":14},"end":{"line":6,"column":56}},"4":{"start":{"line":7,"column":4},"end":{"line":9,"column":5}},"5":{"start":{"line":7,"column":16},"end":{"line":7,"column":17}},"6":{"start":{"line":8,"column":8},"end":{"line":8,"column":34}},"7":{"start":{"line":10,"column":4},"end":{"line":10,"column":16}}},"fnMap":{"0":{"name":"StringToJSON","decl":{"start":{"line":1,"column":9},"end":{"line":1,"column":21}},"loc":{"start":{"line":1,"column":29},"end":{"line":11,"column":1}},"line":1}},"branchMap":{"0":{"loc":{"start":{"line":2,"column":4},"end":{"line":4,"column":5}},"type":"if","locations":[{"start":{"line":2,"column":4},"end":{"line":4,"column":5}},{"start":{"line":2,"column":4},"end":{"line":4,"column":5}}],"line":2},"1":{"loc":{"start":{"line":2,"column":7},"end":{"line":2,"column":51}},"type":"binary-expr","locations":[{"start":{"line":2,"column":7},"end":{"line":2,"column":21}},{"start":{"line":2,"column":25},"end":{"line":2,"column":51}}],"line":2},"2":{"loc":{"start":{"line":6,"column":14},"end":{"line":6,"column":56}},"type":"cond-expr","locations":[{"start":{"line":6,"column":34},"end":{"line":6,"column":51}},{"start":{"line":6,"column":54},"end":{"line":6,"column":56}}],"line":6}},"s":{"0":4,"1":1,"2":3,"3":3,"4":3,"5":3,"6":3,"7":3},"f":{"0":4},"b":{"0":[1,3],"1":[4,3],"2":[2,1]},"_coverageSchema":"43e27e138ebf9cfc5966b082cf9a028302ed4184","hash":"d7e032db86fd85bcaa56d03b93c8d78354d34237"}
,"C:\\Users\\fusi0\\IdeaProjects\\codename-arcane-island\\components\\utils\\addSpacing.js": {"path":"C:\\Users\\fusi0\\IdeaProjects\\codename-arcane-island\\components\\utils\\addSpacing.js","statementMap":{"0":{"start":{"line":2,"column":4},"end":{"line":4,"column":5}},"1":{"start":{"line":3,"column":8},"end":{"line":3,"column":18}},"2":{"start":{"line":5,"column":16},"end":{"line":5,"column":18}},"3":{"start":{"line":6,"column":4},"end":{"line":13,"column":5}},"4":{"start":{"line":6,"column":16},"end":{"line":6,"column":17}},"5":{"start":{"line":7,"column":8},"end":{"line":12,"column":9}},"6":{"start":{"line":8,"column":12},"end":{"line":8,"column":26}},"7":{"start":{"line":11,"column":12},"end":{"line":11,"column":48}},"8":{"start":{"line":14,"column":4},"end":{"line":14,"column":17}}},"fnMap":{"0":{"name":"addSpacing","decl":{"start":{"line":1,"column":9},"end":{"line":1,"column":19}},"loc":{"start":{"line":1,"column":27},"end":{"line":15,"column":1}},"line":1}},"branchMap":{"0":{"loc":{"start":{"line":2,"column":4},"end":{"line":4,"column":5}},"type":"if","locations":[{"start":{"line":2,"column":4},"end":{"line":4,"column":5}},{"start":{"line":2,"column":4},"end":{"line":4,"column":5}}],"line":2},"1":{"loc":{"start":{"line":7,"column":8},"end":{"line":12,"column":9}},"type":"if","locations":[{"start":{"line":7,"column":8},"end":{"line":12,"column":9}},{"start":{"line":7,"column":8},"end":{"line":12,"column":9}}],"line":7}},"s":{"0":6,"1":1,"2":5,"3":5,"4":5,"5":18,"6":3,"7":15,"8":5},"f":{"0":6},"b":{"0":[1,5],"1":[3,15]},"_coverageSchema":"43e27e138ebf9cfc5966b082cf9a028302ed4184","hash":"15e1389bfcf7beee7123c650c24cbe74888cef2a"}
,"C:\\Users\\fusi0\\IdeaProjects\\codename-arcane-island\\components\\utils\\capitalize.js": {"path":"C:\\Users\\fusi0\\IdeaProjects\\codename-arcane-island\\components\\utils\\capitalize.js","statementMap":{"0":{"start":{"line":2,"column":4},"end":{"line":4,"column":5}},"1":{"start":{"line":3,"column":8},"end":{"line":3,"column":18}},"2":{"start":{"line":5,"column":16},"end":{"line":5,"column":18}},"3":{"start":{"line":6,"column":4},"end":{"line":13,"column":5}},"4":{"start":{"line":6,"column":16},"end":{"line":6,"column":17}},"5":{"start":{"line":7,"column":8},"end":{"line":12,"column":9}},"6":{"start":{"line":8,"column":12},"end":{"line":8,"column":62}},"7":{"start":{"line":11,"column":12},"end":{"line":11,"column":48}},"8":{"start":{"line":14,"column":4},"end":{"line":14,"column":56}}},"fnMap":{"0":{"name":"capitalize","decl":{"start":{"line":1,"column":9},"end":{"line":1,"column":19}},"loc":{"start":{"line":1,"column":27},"end":{"line":15,"column":1}},"line":1}},"branchMap":{"0":{"loc":{"start":{"line":2,"column":4},"end":{"line":4,"column":5}},"type":"if","locations":[{"start":{"line":2,"column":4},"end":{"line":4,"column":5}},{"start":{"line":2,"column":4},"end":{"line":4,"column":5}}],"line":2},"1":{"loc":{"start":{"line":7,"column":8},"end":{"line":12,"column":9}},"type":"if","locations":[{"start":{"line":7,"column":8},"end":{"line":12,"column":9}},{"start":{"line":7,"column":8},"end":{"line":12,"column":9}}],"line":7}},"s":{"0":8,"1":1,"2":7,"3":7,"4":7,"5":50,"6":6,"7":44,"8":7},"f":{"0":8},"b":{"0":[1,7],"1":[6,44]},"_coverageSchema":"43e27e138ebf9cfc5966b082cf9a028302ed4184","hash":"68c17fecc2f98fcc8b9dfdb0b9667ce6b09844f8"}
,"C:\\Users\\fusi0\\IdeaProjects\\codename-arcane-island\\components\\utils\\convertStringToDate.js": {"path":"C:\\Users\\fusi0\\IdeaProjects\\codename-arcane-island\\components\\utils\\convertStringToDate.js","statementMap":{"0":{"start":{"line":2,"column":4},"end":{"line":9,"column":5}},"1":{"start":{"line":3,"column":35},"end":{"line":3,"column":59}},"2":{"start":{"line":4,"column":24},"end":{"line":4,"column":54}},"3":{"start":{"line":5,"column":8},"end":{"line":5,"column":143}},"4":{"start":{"line":8,"column":8},"end":{"line":8,"column":20}}},"fnMap":{"0":{"name":"toDate","decl":{"start":{"line":1,"column":9},"end":{"line":1,"column":15}},"loc":{"start":{"line":1,"column":30},"end":{"line":10,"column":1}},"line":1}},"branchMap":{"0":{"loc":{"start":{"line":5,"column":15},"end":{"line":5,"column":142}},"type":"cond-expr","locations":[{"start":{"line":5,"column":128},"end":{"line":5,"column":135}},{"start":{"line":5,"column":138},"end":{"line":5,"column":142}}],"line":5},"1":{"loc":{"start":{"line":5,"column":16},"end":{"line":5,"column":124}},"type":"binary-expr","locations":[{"start":{"line":5,"column":16},"end":{"line":5,"column":34}},{"start":{"line":5,"column":38},"end":{"line":5,"column":57}},{"start":{"line":5,"column":61},"end":{"line":5,"column":81}},{"start":{"line":5,"column":85},"end":{"line":5,"column":102}},{"start":{"line":5,"column":106},"end":{"line":5,"column":124}}],"line":5}},"s":{"0":27,"1":27,"2":20,"3":20,"4":7},"f":{"0":27},"b":{"0":[9,11],"1":[20,13,12,11,11]},"_coverageSchema":"43e27e138ebf9cfc5966b082cf9a028302ed4184","hash":"ecfcdaabad6496fa0acd57a1180e85d6d34d8564"}
,"C:\\Users\\fusi0\\IdeaProjects\\codename-arcane-island\\components\\utils\\getDateRange.js": {"path":"C:\\Users\\fusi0\\IdeaProjects\\codename-arcane-island\\components\\utils\\getDateRange.js","statementMap":{"0":{"start":{"line":5,"column":25},"end":{"line":5,"column":70}},"1":{"start":{"line":6,"column":23},"end":{"line":6,"column":62}},"2":{"start":{"line":7,"column":4},"end":{"line":9,"column":5}},"3":{"start":{"line":8,"column":8},"end":{"line":8,"column":18}},"4":{"start":{"line":10,"column":25},"end":{"line":10,"column":54}},"5":{"start":{"line":11,"column":4},"end":{"line":24,"column":5}},"6":{"start":{"line":12,"column":8},"end":{"line":17,"column":9}},"7":{"start":{"line":13,"column":12},"end":{"line":13,"column":70}},"8":{"start":{"line":16,"column":12},"end":{"line":16,"column":32}},"9":{"start":{"line":19,"column":9},"end":{"line":24,"column":5}},"10":{"start":{"line":20,"column":8},"end":{"line":20,"column":53}},"11":{"start":{"line":23,"column":8},"end":{"line":23,"column":18}}},"fnMap":{"0":{"name":"getDateRange","decl":{"start":{"line":4,"column":9},"end":{"line":4,"column":21}},"loc":{"start":{"line":4,"column":33},"end":{"line":25,"column":1}},"line":4}},"branchMap":{"0":{"loc":{"start":{"line":5,"column":25},"end":{"line":5,"column":70}},"type":"cond-expr","locations":[{"start":{"line":5,"column":49},"end":{"line":5,"column":54}},{"start":{"line":5,"column":57},"end":{"line":5,"column":70}}],"line":5},"1":{"loc":{"start":{"line":6,"column":23},"end":{"line":6,"column":62}},"type":"cond-expr","locations":[{"start":{"line":6,"column":45},"end":{"line":6,"column":48}},{"start":{"line":6,"column":51},"end":{"line":6,"column":62}}],"line":6},"2":{"loc":{"start":{"line":7,"column":4},"end":{"line":9,"column":5}},"type":"if","locations":[{"start":{"line":7,"column":4},"end":{"line":9,"column":5}},{"start":{"line":7,"column":4},"end":{"line":9,"column":5}}],"line":7},"3":{"loc":{"start":{"line":7,"column":7},"end":{"line":7,"column":54}},"type":"binary-expr","locations":[{"start":{"line":7,"column":7},"end":{"line":7,"column":25}},{"start":{"line":7,"column":29},"end":{"line":7,"column":54}}],"line":7},"4":{"loc":{"start":{"line":11,"column":4},"end":{"line":24,"column":5}},"type":"if","locations":[{"start":{"line":11,"column":4},"end":{"line":24,"column":5}},{"start":{"line":11,"column":4},"end":{"line":24,"column":5}}],"line":11},"5":{"loc":{"start":{"line":12,"column":8},"end":{"line":17,"column":9}},"type":"if","locations":[{"start":{"line":12,"column":8},"end":{"line":17,"column":9}},{"start":{"line":12,"column":8},"end":{"line":17,"column":9}}],"line":12},"6":{"loc":{"start":{"line":12,"column":11},"end":{"line":12,"column":58}},"type":"binary-expr","locations":[{"start":{"line":12,"column":11},"end":{"line":12,"column":29}},{"start":{"line":12,"column":33},"end":{"line":12,"column":58}}],"line":12},"7":{"loc":{"start":{"line":19,"column":9},"end":{"line":24,"column":5}},"type":"if","locations":[{"start":{"line":19,"column":9},"end":{"line":24,"column":5}},{"start":{"line":19,"column":9},"end":{"line":24,"column":5}}],"line":19}},"s":{"0":7,"1":7,"2":7,"3":1,"4":6,"5":6,"6":2,"7":1,"8":1,"9":4,"10":1,"11":3},"f":{"0":7},"b":{"0":[0,7],"1":[0,7],"2":[1,6],"3":[7,3],"4":[2,4],"5":[1,1],"6":[2,1],"7":[1,3]},"_coverageSchema":"43e27e138ebf9cfc5966b082cf9a028302ed4184","hash":"0661916b2514dad0a026f0507562f1bf5ab53bd7"}
,"C:\\Users\\fusi0\\IdeaProjects\\codename-arcane-island\\components\\utils\\getList.js": {"path":"C:\\Users\\fusi0\\IdeaProjects\\codename-arcane-island\\components\\utils\\getList.js","statementMap":{"0":{"start":{"line":2,"column":16},"end":{"line":2,"column":18}},"1":{"start":{"line":3,"column":4},"end":{"line":40,"column":5}},"2":{"start":{"line":4,"column":8},"end":{"line":4,"column":20}},"3":{"start":{"line":6,"column":9},"end":{"line":40,"column":5}},"4":{"start":{"line":7,"column":19},"end":{"line":7,"column":23}},"5":{"start":{"line":8,"column":20},"end":{"line":8,"column":21}},"6":{"start":{"line":9,"column":8},"end":{"line":15,"column":9}},"7":{"start":{"line":9,"column":20},"end":{"line":9,"column":21}},"8":{"start":{"line":10,"column":12},"end":{"line":14,"column":13}},"9":{"start":{"line":11,"column":16},"end":{"line":11,"column":77}},"10":{"start":{"line":12,"column":16},"end":{"line":12,"column":76}},"11":{"start":{"line":13,"column":16},"end":{"line":13,"column":26}},"12":{"start":{"line":16,"column":8},"end":{"line":16,"column":44}},"13":{"start":{"line":17,"column":8},"end":{"line":17,"column":21}},"14":{"start":{"line":19,"column":9},"end":{"line":40,"column":5}},"15":{"start":{"line":20,"column":19},"end":{"line":20,"column":21}},"16":{"start":{"line":21,"column":21},"end":{"line":21,"column":26}},"17":{"start":{"line":22,"column":8},"end":{"line":34,"column":9}},"18":{"start":{"line":22,"column":20},"end":{"line":22,"column":21}},"19":{"start":{"line":23,"column":12},"end":{"line":33,"column":13}},"20":{"start":{"line":24,"column":16},"end":{"line":24,"column":52}},"21":{"start":{"line":25,"column":16},"end":{"line":25,"column":26}},"22":{"start":{"line":26,"column":16},"end":{"line":26,"column":31}},"23":{"start":{"line":29,"column":16},"end":{"line":29,"column":51}},"24":{"start":{"line":30,"column":16},"end":{"line":32,"column":17}},"25":{"start":{"line":31,"column":20},"end":{"line":31,"column":34}},"26":{"start":{"line":35,"column":8},"end":{"line":35,"column":44}},"27":{"start":{"line":36,"column":8},"end":{"line":36,"column":21}},"28":{"start":{"line":39,"column":8},"end":{"line":39,"column":20}}},"fnMap":{"0":{"name":"getList","decl":{"start":{"line":1,"column":9},"end":{"line":1,"column":16}},"loc":{"start":{"line":1,"column":32},"end":{"line":41,"column":1}},"line":1}},"branchMap":{"0":{"loc":{"start":{"line":3,"column":4},"end":{"line":40,"column":5}},"type":"if","locations":[{"start":{"line":3,"column":4},"end":{"line":40,"column":5}},{"start":{"line":3,"column":4},"end":{"line":40,"column":5}}],"line":3},"1":{"loc":{"start":{"line":3,"column":7},"end":{"line":3,"column":54}},"type":"binary-expr","locations":[{"start":{"line":3,"column":7},"end":{"line":3,"column":21}},{"start":{"line":3,"column":25},"end":{"line":3,"column":54}}],"line":3},"2":{"loc":{"start":{"line":6,"column":9},"end":{"line":40,"column":5}},"type":"if","locations":[{"start":{"line":6,"column":9},"end":{"line":40,"column":5}},{"start":{"line":6,"column":9},"end":{"line":40,"column":5}}],"line":6},"3":{"loc":{"start":{"line":10,"column":12},"end":{"line":14,"column":13}},"type":"if","locations":[{"start":{"line":10,"column":12},"end":{"line":14,"column":13}},{"start":{"line":10,"column":12},"end":{"line":14,"column":13}}],"line":10},"4":{"loc":{"start":{"line":19,"column":9},"end":{"line":40,"column":5}},"type":"if","locations":[{"start":{"line":19,"column":9},"end":{"line":40,"column":5}},{"start":{"line":19,"column":9},"end":{"line":40,"column":5}}],"line":19},"5":{"loc":{"start":{"line":23,"column":12},"end":{"line":33,"column":13}},"type":"if","locations":[{"start":{"line":23,"column":12},"end":{"line":33,"column":13}},{"start":{"line":23,"column":12},"end":{"line":33,"column":13}}],"line":23},"6":{"loc":{"start":{"line":23,"column":15},"end":{"line":23,"column":100}},"type":"binary-expr","locations":[{"start":{"line":23,"column":15},"end":{"line":23,"column":21}},{"start":{"line":23,"column":26},"end":{"line":23,"column":61}},{"start":{"line":23,"column":65},"end":{"line":23,"column":99}}],"line":23},"7":{"loc":{"start":{"line":30,"column":16},"end":{"line":32,"column":17}},"type":"if","locations":[{"start":{"line":30,"column":16},"end":{"line":32,"column":17}},{"start":{"line":30,"column":16},"end":{"line":32,"column":17}}],"line":30},"8":{"loc":{"start":{"line":30,"column":19},"end":{"line":30,"column":69}},"type":"binary-expr","locations":[{"start":{"line":30,"column":19},"end":{"line":30,"column":36}},{"start":{"line":30,"column":40},"end":{"line":30,"column":69}}],"line":30}},"s":{"0":12,"1":12,"2":4,"3":8,"4":4,"5":4,"6":4,"7":4,"8":106,"9":4,"10":4,"11":4,"12":4,"13":4,"14":4,"15":3,"16":3,"17":3,"18":3,"19":110,"20":2,"21":2,"22":2,"23":108,"24":108,"25":3,"26":3,"27":3,"28":1},"f":{"0":12},"b":{"0":[4,8],"1":[12,10],"2":[4,4],"3":[4,102],"4":[3,1],"5":[2,108],"6":[110,76,74],"7":[3,105],"8":[108,4]},"_coverageSchema":"43e27e138ebf9cfc5966b082cf9a028302ed4184","hash":"0d84ac4a5b44b890b5aaf5d12f48fbb84cf8ed8a"}
,"C:\\Users\\fusi0\\IdeaProjects\\codename-arcane-island\\components\\utils\\getReadableDate.js": {"path":"C:\\Users\\fusi0\\IdeaProjects\\codename-arcane-island\\components\\utils\\getReadableDate.js","statementMap":{"0":{"start":{"line":2,"column":4},"end":{"line":7,"column":5}},"1":{"start":{"line":3,"column":8},"end":{"line":3,"column":141}},"2":{"start":{"line":6,"column":8},"end":{"line":6,"column":20}},"3":{"start":{"line":11,"column":4},"end":{"line":26,"column":5}},"4":{"start":{"line":13,"column":12},"end":{"line":13,"column":28}},"5":{"start":{"line":15,"column":12},"end":{"line":15,"column":28}},"6":{"start":{"line":17,"column":12},"end":{"line":17,"column":29}},"7":{"start":{"line":19,"column":12},"end":{"line":19,"column":31}},"8":{"start":{"line":21,"column":12},"end":{"line":21,"column":30}},"9":{"start":{"line":23,"column":12},"end":{"line":23,"column":28}},"10":{"start":{"line":25,"column":12},"end":{"line":25,"column":30}},"11":{"start":{"line":30,"column":4},"end":{"line":55,"column":5}},"12":{"start":{"line":32,"column":12},"end":{"line":32,"column":29}},"13":{"start":{"line":34,"column":12},"end":{"line":34,"column":30}},"14":{"start":{"line":36,"column":12},"end":{"line":36,"column":27}},"15":{"start":{"line":38,"column":12},"end":{"line":38,"column":27}},"16":{"start":{"line":40,"column":12},"end":{"line":40,"column":25}},"17":{"start":{"line":42,"column":12},"end":{"line":42,"column":26}},"18":{"start":{"line":44,"column":12},"end":{"line":44,"column":26}},"19":{"start":{"line":46,"column":12},"end":{"line":46,"column":28}},"20":{"start":{"line":48,"column":12},"end":{"line":48,"column":31}},"21":{"start":{"line":50,"column":12},"end":{"line":50,"column":29}},"22":{"start":{"line":52,"column":12},"end":{"line":52,"column":30}},"23":{"start":{"line":54,"column":12},"end":{"line":54,"column":30}}},"fnMap":{"0":{"name":"getReadableDate","decl":{"start":{"line":1,"column":9},"end":{"line":1,"column":24}},"loc":{"start":{"line":1,"column":33},"end":{"line":8,"column":1}},"line":1},"1":{"name":"getDayOfWeek","decl":{"start":{"line":10,"column":9},"end":{"line":10,"column":21}},"loc":{"start":{"line":10,"column":26},"end":{"line":27,"column":1}},"line":10},"2":{"name":"getMonth","decl":{"start":{"line":29,"column":9},"end":{"line":29,"column":17}},"loc":{"start":{"line":29,"column":23},"end":{"line":56,"column":1}},"line":29}},"branchMap":{"0":{"loc":{"start":{"line":2,"column":4},"end":{"line":7,"column":5}},"type":"if","locations":[{"start":{"line":2,"column":4},"end":{"line":7,"column":5}},{"start":{"line":2,"column":4},"end":{"line":7,"column":5}}],"line":2},"1":{"loc":{"start":{"line":11,"column":4},"end":{"line":26,"column":5}},"type":"switch","locations":[{"start":{"line":12,"column":8},"end":{"line":13,"column":28}},{"start":{"line":14,"column":8},"end":{"line":15,"column":28}},{"start":{"line":16,"column":8},"end":{"line":17,"column":29}},{"start":{"line":18,"column":8},"end":{"line":19,"column":31}},{"start":{"line":20,"column":8},"end":{"line":21,"column":30}},{"start":{"line":22,"column":8},"end":{"line":23,"column":28}},{"start":{"line":24,"column":8},"end":{"line":25,"column":30}}],"line":11},"2":{"loc":{"start":{"line":30,"column":4},"end":{"line":55,"column":5}},"type":"switch","locations":[{"start":{"line":31,"column":8},"end":{"line":32,"column":29}},{"start":{"line":33,"column":8},"end":{"line":34,"column":30}},{"start":{"line":35,"column":8},"end":{"line":36,"column":27}},{"start":{"line":37,"column":8},"end":{"line":38,"column":27}},{"start":{"line":39,"column":8},"end":{"line":40,"column":25}},{"start":{"line":41,"column":8},"end":{"line":42,"column":26}},{"start":{"line":43,"column":8},"end":{"line":44,"column":26}},{"start":{"line":45,"column":8},"end":{"line":46,"column":28}},{"start":{"line":47,"column":8},"end":{"line":48,"column":31}},{"start":{"line":49,"column":8},"end":{"line":50,"column":29}},{"start":{"line":51,"column":8},"end":{"line":52,"column":30}},{"start":{"line":53,"column":8},"end":{"line":54,"column":30}}],"line":30}},"s":{"0":22,"1":16,"2":6,"3":16,"4":4,"5":1,"6":6,"7":1,"8":1,"9":2,"10":1,"11":16,"12":1,"13":1,"14":1,"15":1,"16":1,"17":5,"18":1,"19":1,"20":1,"21":1,"22":1,"23":1},"f":{"0":22,"1":16,"2":16},"b":{"0":[16,6],"1":[4,1,6,1,1,2,1],"2":[1,1,1,1,1,5,1,1,1,1,1,1]},"_coverageSchema":"43e27e138ebf9cfc5966b082cf9a028302ed4184","hash":"0ac17979f4a936b4c942108d65528c18ba1ca4ad"}
,"C:\\Users\\fusi0\\IdeaProjects\\codename-arcane-island\\components\\utils\\getReadablePhone.js": {"path":"C:\\Users\\fusi0\\IdeaProjects\\codename-arcane-island\\components\\utils\\getReadablePhone.js","statementMap":{"0":{"start":{"line":2,"column":4},"end":{"line":10,"column":5}},"1":{"start":{"line":3,"column":8},"end":{"line":3,"column":18}},"2":{"start":{"line":5,"column":9},"end":{"line":10,"column":5}},"3":{"start":{"line":6,"column":8},"end":{"line":6,"column":97}},"4":{"start":{"line":9,"column":8},"end":{"line":9,"column":22}}},"fnMap":{"0":{"name":"getReadablePhone","decl":{"start":{"line":1,"column":9},"end":{"line":1,"column":25}},"loc":{"start":{"line":1,"column":33},"end":{"line":11,"column":1}},"line":1}},"branchMap":{"0":{"loc":{"start":{"line":2,"column":4},"end":{"line":10,"column":5}},"type":"if","locations":[{"start":{"line":2,"column":4},"end":{"line":10,"column":5}},{"start":{"line":2,"column":4},"end":{"line":10,"column":5}}],"line":2},"1":{"loc":{"start":{"line":5,"column":9},"end":{"line":10,"column":5}},"type":"if","locations":[{"start":{"line":5,"column":9},"end":{"line":10,"column":5}},{"start":{"line":5,"column":9},"end":{"line":10,"column":5}}],"line":5}},"s":{"0":4,"1":2,"2":2,"3":1,"4":1},"f":{"0":4},"b":{"0":[2,2],"1":[1,1]},"_coverageSchema":"43e27e138ebf9cfc5966b082cf9a028302ed4184","hash":"804adc402d23ae503d30c760d9982c00422e87b8"}
,"C:\\Users\\fusi0\\IdeaProjects\\codename-arcane-island\\components\\utils\\getTimeRange.js": {"path":"C:\\Users\\fusi0\\IdeaProjects\\codename-arcane-island\\components\\utils\\getTimeRange.js","statementMap":{"0":{"start":{"line":2,"column":4},"end":{"line":17,"column":5}},"1":{"start":{"line":3,"column":8},"end":{"line":8,"column":9}},"2":{"start":{"line":4,"column":12},"end":{"line":4,"column":39}},"3":{"start":{"line":7,"column":12},"end":{"line":7,"column":25}},"4":{"start":{"line":11,"column":8},"end":{"line":16,"column":9}},"5":{"start":{"line":12,"column":12},"end":{"line":12,"column":36}},"6":{"start":{"line":15,"column":12},"end":{"line":15,"column":22}}},"fnMap":{"0":{"name":"getTimeRange","decl":{"start":{"line":1,"column":9},"end":{"line":1,"column":21}},"loc":{"start":{"line":1,"column":33},"end":{"line":18,"column":1}},"line":1}},"branchMap":{"0":{"loc":{"start":{"line":2,"column":4},"end":{"line":17,"column":5}},"type":"if","locations":[{"start":{"line":2,"column":4},"end":{"line":17,"column":5}},{"start":{"line":2,"column":4},"end":{"line":17,"column":5}}],"line":2},"1":{"loc":{"start":{"line":2,"column":7},"end":{"line":2,"column":40}},"type":"binary-expr","locations":[{"start":{"line":2,"column":7},"end":{"line":2,"column":20}},{"start":{"line":2,"column":24},"end":{"line":2,"column":40}}],"line":2},"2":{"loc":{"start":{"line":3,"column":8},"end":{"line":8,"column":9}},"type":"if","locations":[{"start":{"line":3,"column":8},"end":{"line":8,"column":9}},{"start":{"line":3,"column":8},"end":{"line":8,"column":9}}],"line":3},"3":{"loc":{"start":{"line":3,"column":11},"end":{"line":3,"column":40}},"type":"binary-expr","locations":[{"start":{"line":3,"column":11},"end":{"line":3,"column":22}},{"start":{"line":3,"column":26},"end":{"line":3,"column":40}}],"line":3},"4":{"loc":{"start":{"line":11,"column":8},"end":{"line":16,"column":9}},"type":"if","locations":[{"start":{"line":11,"column":8},"end":{"line":16,"column":9}},{"start":{"line":11,"column":8},"end":{"line":16,"column":9}}],"line":11},"5":{"loc":{"start":{"line":11,"column":11},"end":{"line":11,"column":40}},"type":"binary-expr","locations":[{"start":{"line":11,"column":11},"end":{"line":11,"column":22}},{"start":{"line":11,"column":26},"end":{"line":11,"column":40}}],"line":11}},"s":{"0":6,"1":3,"2":1,"3":2,"4":3,"5":2,"6":1},"f":{"0":6},"b":{"0":[3,3],"1":[6,5],"2":[1,2],"3":[3,2],"4":[2,1],"5":[3,3]},"_coverageSchema":"43e27e138ebf9cfc5966b082cf9a028302ed4184","hash":"36b92ee8496f7989bd51ab0e5c3fc6bb4a87a975"}
,"C:\\Users\\fusi0\\IdeaProjects\\codename-arcane-island\\components\\utils\\getTimeZone.js": {"path":"C:\\Users\\fusi0\\IdeaProjects\\codename-arcane-island\\components\\utils\\getTimeZone.js","statementMap":{"0":{"start":{"line":2,"column":4},"end":{"line":105,"column":5}},"1":{"start":{"line":4,"column":12},"end":{"line":4,"column":25}},"2":{"start":{"line":6,"column":12},"end":{"line":6,"column":26}},"3":{"start":{"line":8,"column":12},"end":{"line":8,"column":25}},"4":{"start":{"line":10,"column":12},"end":{"line":10,"column":25}},"5":{"start":{"line":12,"column":12},"end":{"line":12,"column":25}},"6":{"start":{"line":14,"column":12},"end":{"line":14,"column":25}},"7":{"start":{"line":16,"column":12},"end":{"line":16,"column":25}},"8":{"start":{"line":18,"column":12},"end":{"line":18,"column":25}},"9":{"start":{"line":20,"column":12},"end":{"line":20,"column":25}},"10":{"start":{"line":22,"column":12},"end":{"line":22,"column":25}},"11":{"start":{"line":24,"column":12},"end":{"line":24,"column":25}},"12":{"start":{"line":26,"column":12},"end":{"line":26,"column":25}},"13":{"start":{"line":28,"column":12},"end":{"line":28,"column":25}},"14":{"start":{"line":30,"column":12},"end":{"line":30,"column":25}},"15":{"start":{"line":32,"column":12},"end":{"line":32,"column":25}},"16":{"start":{"line":34,"column":12},"end":{"line":34,"column":25}},"17":{"start":{"line":36,"column":12},"end":{"line":36,"column":25}},"18":{"start":{"line":38,"column":12},"end":{"line":38,"column":25}},"19":{"start":{"line":40,"column":12},"end":{"line":40,"column":25}},"20":{"start":{"line":42,"column":12},"end":{"line":42,"column":25}},"21":{"start":{"line":44,"column":12},"end":{"line":44,"column":25}},"22":{"start":{"line":46,"column":12},"end":{"line":46,"column":25}},"23":{"start":{"line":48,"column":12},"end":{"line":48,"column":25}},"24":{"start":{"line":50,"column":12},"end":{"line":50,"column":25}},"25":{"start":{"line":52,"column":12},"end":{"line":52,"column":25}},"26":{"start":{"line":54,"column":12},"end":{"line":54,"column":25}},"27":{"start":{"line":56,"column":12},"end":{"line":56,"column":25}},"28":{"start":{"line":58,"column":12},"end":{"line":58,"column":25}},"29":{"start":{"line":60,"column":12},"end":{"line":60,"column":25}},"30":{"start":{"line":62,"column":12},"end":{"line":62,"column":25}},"31":{"start":{"line":64,"column":12},"end":{"line":64,"column":25}},"32":{"start":{"line":66,"column":12},"end":{"line":66,"column":25}},"33":{"start":{"line":68,"column":12},"end":{"line":68,"column":25}},"34":{"start":{"line":70,"column":12},"end":{"line":70,"column":25}},"35":{"start":{"line":72,"column":12},"end":{"line":72,"column":25}},"36":{"start":{"line":74,"column":12},"end":{"line":74,"column":25}},"37":{"start":{"line":76,"column":12},"end":{"line":76,"column":25}},"38":{"start":{"line":78,"column":12},"end":{"line":78,"column":25}},"39":{"start":{"line":80,"column":12},"end":{"line":80,"column":25}},"40":{"start":{"line":82,"column":12},"end":{"line":82,"column":25}},"41":{"start":{"line":84,"column":12},"end":{"line":84,"column":29}},"42":{"start":{"line":86,"column":12},"end":{"line":86,"column":29}},"43":{"start":{"line":88,"column":12},"end":{"line":88,"column":25}},"44":{"start":{"line":90,"column":12},"end":{"line":90,"column":25}},"45":{"start":{"line":92,"column":12},"end":{"line":92,"column":25}},"46":{"start":{"line":94,"column":12},"end":{"line":94,"column":25}},"47":{"start":{"line":96,"column":12},"end":{"line":96,"column":25}},"48":{"start":{"line":98,"column":12},"end":{"line":98,"column":25}},"49":{"start":{"line":100,"column":12},"end":{"line":100,"column":25}},"50":{"start":{"line":102,"column":12},"end":{"line":102,"column":25}},"51":{"start":{"line":104,"column":12},"end":{"line":104,"column":22}}},"fnMap":{"0":{"name":"getTimeZone","decl":{"start":{"line":1,"column":9},"end":{"line":1,"column":20}},"loc":{"start":{"line":1,"column":31},"end":{"line":106,"column":1}},"line":1}},"branchMap":{"0":{"loc":{"start":{"line":2,"column":4},"end":{"line":105,"column":5}},"type":"switch","locations":[{"start":{"line":3,"column":8},"end":{"line":4,"column":25}},{"start":{"line":5,"column":8},"end":{"line":6,"column":26}},{"start":{"line":7,"column":8},"end":{"line":8,"column":25}},{"start":{"line":9,"column":8},"end":{"line":10,"column":25}},{"start":{"line":11,"column":8},"end":{"line":12,"column":25}},{"start":{"line":13,"column":8},"end":{"line":14,"column":25}},{"start":{"line":15,"column":8},"end":{"line":16,"column":25}},{"start":{"line":17,"column":8},"end":{"line":18,"column":25}},{"start":{"line":19,"column":8},"end":{"line":20,"column":25}},{"start":{"line":21,"column":8},"end":{"line":22,"column":25}},{"start":{"line":23,"column":8},"end":{"line":24,"column":25}},{"start":{"line":25,"column":8},"end":{"line":26,"column":25}},{"start":{"line":27,"column":8},"end":{"line":28,"column":25}},{"start":{"line":29,"column":8},"end":{"line":30,"column":25}},{"start":{"line":31,"column":8},"end":{"line":32,"column":25}},{"start":{"line":33,"column":8},"end":{"line":34,"column":25}},{"start":{"line":35,"column":8},"end":{"line":36,"column":25}},{"start":{"line":37,"column":8},"end":{"line":38,"column":25}},{"start":{"line":39,"column":8},"end":{"line":40,"column":25}},{"start":{"line":41,"column":8},"end":{"line":42,"column":25}},{"start":{"line":43,"column":8},"end":{"line":44,"column":25}},{"start":{"line":45,"column":8},"end":{"line":46,"column":25}},{"start":{"line":47,"column":8},"end":{"line":48,"column":25}},{"start":{"line":49,"column":8},"end":{"line":50,"column":25}},{"start":{"line":51,"column":8},"end":{"line":52,"column":25}},{"start":{"line":53,"column":8},"end":{"line":54,"column":25}},{"start":{"line":55,"column":8},"end":{"line":56,"column":25}},{"start":{"line":57,"column":8},"end":{"line":58,"column":25}},{"start":{"line":59,"column":8},"end":{"line":60,"column":25}},{"start":{"line":61,"column":8},"end":{"line":62,"column":25}},{"start":{"line":63,"column":8},"end":{"line":64,"column":25}},{"start":{"line":65,"column":8},"end":{"line":66,"column":25}},{"start":{"line":67,"column":8},"end":{"line":68,"column":25}},{"start":{"line":69,"column":8},"end":{"line":70,"column":25}},{"start":{"line":71,"column":8},"end":{"line":72,"column":25}},{"start":{"line":73,"column":8},"end":{"line":74,"column":25}},{"start":{"line":75,"column":8},"end":{"line":76,"column":25}},{"start":{"line":77,"column":8},"end":{"line":78,"column":25}},{"start":{"line":79,"column":8},"end":{"line":80,"column":25}},{"start":{"line":81,"column":8},"end":{"line":82,"column":25}},{"start":{"line":83,"column":8},"end":{"line":84,"column":29}},{"start":{"line":85,"column":8},"end":{"line":86,"column":29}},{"start":{"line":87,"column":8},"end":{"line":88,"column":25}},{"start":{"line":89,"column":8},"end":{"line":90,"column":25}},{"start":{"line":91,"column":8},"end":{"line":92,"column":25}},{"start":{"line":93,"column":8},"end":{"line":94,"column":25}},{"start":{"line":95,"column":8},"end":{"line":96,"column":25}},{"start":{"line":97,"column":8},"end":{"line":98,"column":25}},{"start":{"line":99,"column":8},"end":{"line":100,"column":25}},{"start":{"line":101,"column":8},"end":{"line":102,"column":25}},{"start":{"line":103,"column":8},"end":{"line":104,"column":22}}],"line":2}},"s":{"0":51,"1":1,"2":1,"3":1,"4":1,"5":1,"6":1,"7":1,"8":1,"9":1,"10":1,"11":1,"12":1,"13":1,"14":1,"15":1,"16":1,"17":1,"18":1,"19":1,"20":1,"21":1,"22":1,"23":1,"24":1,"25":1,"26":1,"27":1,"28":1,"29":1,"30":1,"31":1,"32":1,"33":1,"34":1,"35":1,"36":1,"37":1,"38":1,"39":1,"40":1,"41":1,"42":1,"43":1,"44":1,"45":1,"46":1,"47":1,"48":1,"49":1,"50":1,"51":1},"f":{"0":51},"b":{"0":[1,1,1,1,1,1,1,1,1,1,1,1,1,1,1,1,1,1,1,1,1,1,1,1,1,1,1,1,1,1,1,1,1,1,1,1,1,1,1,1,1,1,1,1,1,1,1,1,1,1,1]},"_coverageSchema":"43e27e138ebf9cfc5966b082cf9a028302ed4184","hash":"b3025785930930618ff94c314ea13f1680752b16"}
,"C:\\Users\\fusi0\\IdeaProjects\\codename-arcane-island\\components\\utils\\parseDate.js": {"path":"C:\\Users\\fusi0\\IdeaProjects\\codename-arcane-island\\components\\utils\\parseDate.js","statementMap":{"0":{"start":{"line":4,"column":4},"end":{"line":6,"column":5}},"1":{"start":{"line":5,"column":8},"end":{"line":5,"column":20}},"2":{"start":{"line":7,"column":16},"end":{"line":7,"column":18}},"3":{"start":{"line":8,"column":19},"end":{"line":8,"column":24}},"4":{"start":{"line":9,"column":4},"end":{"line":19,"column":5}},"5":{"start":{"line":9,"column":16},"end":{"line":9,"column":17}},"6":{"start":{"line":10,"column":8},"end":{"line":15,"column":9}},"7":{"start":{"line":11,"column":12},"end":{"line":11,"column":46}},"8":{"start":{"line":13,"column":13},"end":{"line":15,"column":9}},"9":{"start":{"line":14,"column":12},"end":{"line":14,"column":28}},"10":{"start":{"line":16,"column":8},"end":{"line":18,"column":9}},"11":{"start":{"line":17,"column":12},"end":{"line":17,"column":44}},"12":{"start":{"line":20,"column":4},"end":{"line":20,"column":39}}},"fnMap":{"0":{"name":"parseDate","decl":{"start":{"line":3,"column":9},"end":{"line":3,"column":18}},"loc":{"start":{"line":3,"column":26},"end":{"line":21,"column":1}},"line":3}},"branchMap":{"0":{"loc":{"start":{"line":4,"column":4},"end":{"line":6,"column":5}},"type":"if","locations":[{"start":{"line":4,"column":4},"end":{"line":6,"column":5}},{"start":{"line":4,"column":4},"end":{"line":6,"column":5}}],"line":4},"1":{"loc":{"start":{"line":4,"column":7},"end":{"line":4,"column":51}},"type":"binary-expr","locations":[{"start":{"line":4,"column":7},"end":{"line":4,"column":21}},{"start":{"line":4,"column":25},"end":{"line":4,"column":51}}],"line":4},"2":{"loc":{"start":{"line":10,"column":8},"end":{"line":15,"column":9}},"type":"if","locations":[{"start":{"line":10,"column":8},"end":{"line":15,"column":9}},{"start":{"line":10,"column":8},"end":{"line":15,"column":9}}],"line":10},"3":{"loc":{"start":{"line":10,"column":11},"end":{"line":10,"column":53}},"type":"binary-expr","locations":[{"start":{"line":10,"column":11},"end":{"line":10,"column":19}},{"start":{"line":10,"column":23},"end":{"line":10,"column":53}}],"line":10},"4":{"loc":{"start":{"line":13,"column":13},"end":{"line":15,"column":9}},"type":"if","locations":[{"start":{"line":13,"column":13},"end":{"line":15,"column":9}},{"start":{"line":13,"column":13},"end":{"line":15,"column":9}}],"line":13},"5":{"loc":{"start":{"line":13,"column":16},"end":{"line":13,"column":93}},"type":"binary-expr","locations":[{"start":{"line":13,"column":16},"end":{"line":13,"column":25}},{"start":{"line":13,"column":29},"end":{"line":13,"column":59}},{"start":{"line":13,"column":63},"end":{"line":13,"column":93}}],"line":13},"6":{"loc":{"start":{"line":16,"column":8},"end":{"line":18,"column":9}},"type":"if","locations":[{"start":{"line":16,"column":8},"end":{"line":18,"column":9}},{"start":{"line":16,"column":8},"end":{"line":18,"column":9}}],"line":16}},"s":{"0":5,"1":1,"2":4,"3":4,"4":4,"5":4,"6":37,"7":2,"8":35,"9":3,"10":35,"11":30,"12":2},"f":{"0":5},"b":{"0":[1,4],"1":[5,4],"2":[2,35],"3":[37,29],"4":[3,32],"5":[35,8,7],"6":[30,5]},"_coverageSchema":"43e27e138ebf9cfc5966b082cf9a028302ed4184","hash":"5de0eb585dc509dff6148ec61846e985b4a96123"}
,"C:\\Users\\fusi0\\IdeaProjects\\codename-arcane-island\\components\\utils\\sanitized.js": {"path":"C:\\Users\\fusi0\\IdeaProjects\\codename-arcane-island\\components\\utils\\sanitized.js","statementMap":{"0":{"start":{"line":2,"column":4},"end":{"line":2,"column":111}}},"fnMap":{"0":{"name":"sanitized","decl":{"start":{"line":1,"column":9},"end":{"line":1,"column":18}},"loc":{"start":{"line":1,"column":26},"end":{"line":3,"column":1}},"line":1}},"branchMap":{"0":{"loc":{"start":{"line":2,"column":11},"end":{"line":2,"column":110}},"type":"cond-expr","locations":[{"start":{"line":2,"column":63},"end":{"line":2,"column":65}},{"start":{"line":2,"column":68},"end":{"line":2,"column":110}}],"line":2},"1":{"loc":{"start":{"line":2,"column":12},"end":{"line":2,"column":59}},"type":"binary-expr","locations":[{"start":{"line":2,"column":12},"end":{"line":2,"column":26}},{"start":{"line":2,"column":30},"end":{"line":2,"column":59}}],"line":2}},"s":{"0":4},"f":{"0":4},"b":{"0":[1,3],"1":[4,3]},"_coverageSchema":"43e27e138ebf9cfc5966b082cf9a028302ed4184","hash":"04f6b75e8aaa66d18279cfaec97634ffb18cdff2"}
}
