{"C:\\Users\\fusi0\\IdeaProjects\\codename-arcane-island\\components\\utils\\addSpacing.js": {"path":"C:\\Users\\fusi0\\IdeaProjects\\codename-arcane-island\\components\\utils\\addSpacing.js","statementMap":{"0":{"start":{"line":2,"column":4},"end":{"line":4,"column":5}},"1":{"start":{"line":3,"column":8},"end":{"line":3,"column":18}},"2":{"start":{"line":5,"column":16},"end":{"line":5,"column":18}},"3":{"start":{"line":6,"column":4},"end":{"line":13,"column":5}},"4":{"start":{"line":6,"column":16},"end":{"line":6,"column":17}},"5":{"start":{"line":7,"column":8},"end":{"line":12,"column":9}},"6":{"start":{"line":8,"column":12},"end":{"line":8,"column":26}},"7":{"start":{"line":11,"column":12},"end":{"line":11,"column":48}},"8":{"start":{"line":14,"column":4},"end":{"line":14,"column":17}}},"fnMap":{"0":{"name":"addSpacing","decl":{"start":{"line":1,"column":9},"end":{"line":1,"column":19}},"loc":{"start":{"line":1,"column":27},"end":{"line":15,"column":1}},"line":1}},"branchMap":{"0":{"loc":{"start":{"line":2,"column":4},"end":{"line":4,"column":5}},"type":"if","locations":[{"start":{"line":2,"column":4},"end":{"line":4,"column":5}},{"start":{"line":2,"column":4},"end":{"line":4,"column":5}}],"line":2},"1":{"loc":{"start":{"line":7,"column":8},"end":{"line":12,"column":9}},"type":"if","locations":[{"start":{"line":7,"column":8},"end":{"line":12,"column":9}},{"start":{"line":7,"column":8},"end":{"line":12,"column":9}}],"line":7}},"s":{"0":6,"1":1,"2":5,"3":5,"4":5,"5":18,"6":3,"7":15,"8":5},"f":{"0":6},"b":{"0":[1,5],"1":[3,15]},"_coverageSchema":"43e27e138ebf9cfc5966b082cf9a028302ed4184","hash":"15e1389bfcf7beee7123c650c24cbe74888cef2a"}
,"C:\\Users\\fusi0\\IdeaProjects\\codename-arcane-island\\components\\utils\\capitalize.js": {"path":"C:\\Users\\fusi0\\IdeaProjects\\codename-arcane-island\\components\\utils\\capitalize.js","statementMap":{"0":{"start":{"line":2,"column":4},"end":{"line":4,"column":5}},"1":{"start":{"line":3,"column":8},"end":{"line":3,"column":18}},"2":{"start":{"line":5,"column":16},"end":{"line":5,"column":18}},"3":{"start":{"line":6,"column":4},"end":{"line":13,"column":5}},"4":{"start":{"line":6,"column":16},"end":{"line":6,"column":17}},"5":{"start":{"line":7,"column":8},"end":{"line":12,"column":9}},"6":{"start":{"line":8,"column":12},"end":{"line":8,"column":62}},"7":{"start":{"line":11,"column":12},"end":{"line":11,"column":48}},"8":{"start":{"line":14,"column":4},"end":{"line":14,"column":56}}},"fnMap":{"0":{"name":"capitalize","decl":{"start":{"line":1,"column":9},"end":{"line":1,"column":19}},"loc":{"start":{"line":1,"column":27},"end":{"line":15,"column":1}},"line":1}},"branchMap":{"0":{"loc":{"start":{"line":2,"column":4},"end":{"line":4,"column":5}},"type":"if","locations":[{"start":{"line":2,"column":4},"end":{"line":4,"column":5}},{"start":{"line":2,"column":4},"end":{"line":4,"column":5}}],"line":2},"1":{"loc":{"start":{"line":7,"column":8},"end":{"line":12,"column":9}},"type":"if","locations":[{"start":{"line":7,"column":8},"end":{"line":12,"column":9}},{"start":{"line":7,"column":8},"end":{"line":12,"column":9}}],"line":7}},"s":{"0":8,"1":1,"2":7,"3":7,"4":7,"5":50,"6":6,"7":44,"8":7},"f":{"0":8},"b":{"0":[1,7],"1":[6,44]},"_coverageSchema":"43e27e138ebf9cfc5966b082cf9a028302ed4184","hash":"68c17fecc2f98fcc8b9dfdb0b9667ce6b09844f8"}
,"C:\\Users\\fusi0\\IdeaProjects\\codename-arcane-island\\components\\utils\\convertStringToDate.js": {"path":"C:\\Users\\fusi0\\IdeaProjects\\codename-arcane-island\\components\\utils\\convertStringToDate.js","statementMap":{"0":{"start":{"line":2,"column":4},"end":{"line":9,"column":5}},"1":{"start":{"line":3,"column":35},"end":{"line":3,"column":59}},"2":{"start":{"line":4,"column":24},"end":{"line":4,"column":54}},"3":{"start":{"line":5,"column":8},"end":{"line":5,"column":144}},"4":{"start":{"line":8,"column":8},"end":{"line":8,"column":20}}},"fnMap":{"0":{"name":"toDate","decl":{"start":{"line":1,"column":9},"end":{"line":1,"column":15}},"loc":{"start":{"line":1,"column":30},"end":{"line":11,"column":1}},"line":1}},"branchMap":{"0":{"loc":{"start":{"line":5,"column":15},"end":{"line":5,"column":143}},"type":"cond-expr","locations":[{"start":{"line":5,"column":129},"end":{"line":5,"column":136}},{"start":{"line":5,"column":139},"end":{"line":5,"column":143}}],"line":5},"1":{"loc":{"start":{"line":5,"column":16},"end":{"line":5,"column":125}},"type":"binary-expr","locations":[{"start":{"line":5,"column":16},"end":{"line":5,"column":34}},{"start":{"line":5,"column":38},"end":{"line":5,"column":58}},{"start":{"line":5,"column":62},"end":{"line":5,"column":82}},{"start":{"line":5,"column":86},"end":{"line":5,"column":103}},{"start":{"line":5,"column":107},"end":{"line":5,"column":125}}],"line":5}},"s":{"0":8,"1":8,"2":7,"3":7,"4":1},"f":{"0":8},"b":{"0":[1,6],"1":[7,4,3,3,3]},"_coverageSchema":"43e27e138ebf9cfc5966b082cf9a028302ed4184","hash":"ca874c09e132f4f78855e9b743e05d3744b07add"}
}
