TN:
SF:C:\Users\fusi0\IdeaProjects\codename-arcane-island\components\utils\JSONtoArray.js
FN:1,JSONtoArray
FNF:1
FNH:1
FNDA:4,JSONtoArray
DA:2,4
DA:3,1
DA:5,3
DA:6,3
DA:7,3
DA:9,3
LF:6
LH:6
BRDA:2,0,0,1
BRDA:2,0,1,3
BRDA:2,1,0,4
BRDA:2,1,1,3
BRF:4
BRH:4
end_of_record
TN:
SF:C:\Users\fusi0\IdeaProjects\codename-arcane-island\components\utils\JSONtoString.js
FN:4,JSONtoString
FNF:1
FNH:1
FNDA:4,JSONtoString
DA:5,4
DA:6,1
DA:8,3
DA:9,3
DA:10,3
DA:12,3
LF:6
LH:6
BRDA:5,0,0,1
BRDA:5,0,1,3
BRDA:5,1,0,4
BRDA:5,1,1,3
BRF:4
BRH:4
end_of_record
TN:
SF:C:\Users\fusi0\IdeaProjects\codename-arcane-island\components\utils\StringToJSON.js
FN:1,StringToJSON
FNF:1
FNH:1
FNDA:4,StringToJSON
DA:2,4
DA:3,1
DA:5,3
DA:6,3
DA:7,3
DA:8,3
DA:10,3
LF:7
LH:7
BRDA:2,0,0,1
BRDA:2,0,1,3
BRDA:2,1,0,4
BRDA:2,1,1,3
BRDA:6,2,0,2
BRDA:6,2,1,1
BRF:6
BRH:6
end_of_record
TN:
SF:C:\Users\fusi0\IdeaProjects\codename-arcane-island\components\utils\addSpacing.js
FN:1,addSpacing
FNF:1
FNH:1
FNDA:6,addSpacing
DA:2,6
DA:3,1
DA:5,5
DA:6,5
DA:7,18
DA:8,3
DA:11,15
DA:14,5
LF:8
LH:8
BRDA:2,0,0,1
BRDA:2,0,1,5
BRDA:7,1,0,3
BRDA:7,1,1,15
BRF:4
BRH:4
end_of_record
TN:
SF:C:\Users\fusi0\IdeaProjects\codename-arcane-island\components\utils\capitalize.js
FN:1,capitalize
FNF:1
FNH:1
FNDA:8,capitalize
DA:2,8
DA:3,1
DA:5,7
DA:6,7
DA:7,50
DA:8,6
DA:11,44
DA:14,7
LF:8
LH:8
BRDA:2,0,0,1
BRDA:2,0,1,7
BRDA:7,1,0,6
BRDA:7,1,1,44
BRF:4
BRH:4
end_of_record
TN:
SF:C:\Users\fusi0\IdeaProjects\codename-arcane-island\components\utils\convertStringToDate.js
FN:1,toDate
FNF:1
FNH:1
FNDA:27,toDate
DA:2,27
DA:3,27
DA:4,20
DA:5,20
DA:8,7
LF:5
LH:5
BRDA:5,0,0,9
BRDA:5,0,1,11
BRDA:5,1,0,20
BRDA:5,1,1,13
BRDA:5,1,2,12
BRDA:5,1,3,11
BRDA:5,1,4,11
BRF:7
BRH:7
end_of_record
TN:
SF:C:\Users\fusi0\IdeaProjects\codename-arcane-island\components\utils\getDateRange.js
FN:4,getDateRange
FNF:1
FNH:1
FNDA:7,getDateRange
DA:5,7
DA:6,7
DA:7,7
DA:8,1
DA:10,6
DA:11,6
DA:12,2
DA:13,1
DA:16,1
DA:19,4
DA:20,1
DA:23,3
LF:12
LH:12
BRDA:5,0,0,0
BRDA:5,0,1,7
BRDA:6,1,0,0
BRDA:6,1,1,7
BRDA:7,2,0,1
BRDA:7,2,1,6
BRDA:7,3,0,7
BRDA:7,3,1,3
BRDA:11,4,0,2
BRDA:11,4,1,4
BRDA:12,5,0,1
BRDA:12,5,1,1
BRDA:12,6,0,2
BRDA:12,6,1,1
BRDA:19,7,0,1
BRDA:19,7,1,3
BRF:16
BRH:14
end_of_record
TN:
SF:C:\Users\fusi0\IdeaProjects\codename-arcane-island\components\utils\getList.js
FN:1,getList
FNF:1
FNH:1
FNDA:12,getList
DA:2,12
DA:3,12
DA:4,4
DA:6,8
DA:7,4
DA:8,4
DA:9,4
DA:10,106
DA:11,4
DA:12,4
DA:13,4
DA:16,4
DA:17,4
DA:19,4
DA:20,3
DA:21,3
DA:22,3
DA:23,110
DA:24,2
DA:25,2
DA:26,2
DA:29,108
DA:30,108
DA:31,3
DA:35,3
DA:36,3
DA:39,1
LF:27
LH:27
BRDA:3,0,0,4
BRDA:3,0,1,8
BRDA:3,1,0,12
BRDA:3,1,1,10
BRDA:6,2,0,4
BRDA:6,2,1,4
BRDA:10,3,0,4
BRDA:10,3,1,102
BRDA:19,4,0,3
BRDA:19,4,1,1
BRDA:23,5,0,2
BRDA:23,5,1,108
BRDA:23,6,0,110
BRDA:23,6,1,76
BRDA:23,6,2,74
BRDA:30,7,0,3
BRDA:30,7,1,105
BRDA:30,8,0,108
BRDA:30,8,1,4
BRF:19
BRH:19
end_of_record
TN:
SF:C:\Users\fusi0\IdeaProjects\codename-arcane-island\components\utils\getReadableDate.js
FN:1,getReadableDate
FN:10,getDayOfWeek
FN:29,getMonth
FNF:3
FNH:3
FNDA:22,getReadableDate
FNDA:16,getDayOfWeek
FNDA:16,getMonth
DA:2,22
DA:3,16
DA:6,6
DA:11,16
DA:13,4
DA:15,1
DA:17,6
DA:19,1
DA:21,1
DA:23,2
DA:25,1
DA:30,16
DA:32,1
DA:34,1
DA:36,1
DA:38,1
DA:40,1
DA:42,5
DA:44,1
DA:46,1
DA:48,1
DA:50,1
DA:52,1
DA:54,1
LF:24
LH:24
BRDA:2,0,0,16
BRDA:2,0,1,6
BRDA:11,1,0,4
BRDA:11,1,1,1
BRDA:11,1,2,6
BRDA:11,1,3,1
BRDA:11,1,4,1
BRDA:11,1,5,2
BRDA:11,1,6,1
BRDA:30,2,0,1
BRDA:30,2,1,1
BRDA:30,2,2,1
BRDA:30,2,3,1
BRDA:30,2,4,1
BRDA:30,2,5,5
BRDA:30,2,6,1
BRDA:30,2,7,1
BRDA:30,2,8,1
BRDA:30,2,9,1
BRDA:30,2,10,1
BRDA:30,2,11,1
BRF:21
BRH:21
end_of_record
TN:
SF:C:\Users\fusi0\IdeaProjects\codename-arcane-island\components\utils\getReadablePhone.js
FN:1,getReadablePhone
FNF:1
FNH:1
FNDA:4,getReadablePhone
DA:2,4
DA:3,2
DA:5,2
DA:6,1
DA:9,1
LF:5
LH:5
BRDA:2,0,0,2
BRDA:2,0,1,2
BRDA:5,1,0,1
BRDA:5,1,1,1
BRF:4
BRH:4
end_of_record
TN:
SF:C:\Users\fusi0\IdeaProjects\codename-arcane-island\components\utils\getTimeRange.js
FN:1,getTimeRange
FNF:1
FNH:1
FNDA:6,getTimeRange
DA:2,6
DA:3,3
DA:4,1
DA:7,2
DA:11,3
DA:12,2
DA:15,1
LF:7
LH:7
BRDA:2,0,0,3
BRDA:2,0,1,3
BRDA:2,1,0,6
BRDA:2,1,1,5
BRDA:3,2,0,1
BRDA:3,2,1,2
BRDA:3,3,0,3
BRDA:3,3,1,2
BRDA:11,4,0,2
BRDA:11,4,1,1
BRDA:11,5,0,3
BRDA:11,5,1,3
BRF:12
BRH:12
end_of_record
TN:
SF:C:\Users\fusi0\IdeaProjects\codename-arcane-island\components\utils\getTimeZone.js
FN:1,getTimeZone
FNF:1
FNH:1
FNDA:51,getTimeZone
DA:2,51
DA:4,1
DA:6,1
DA:8,1
DA:10,1
DA:12,1
DA:14,1
DA:16,1
DA:18,1
DA:20,1
DA:22,1
DA:24,1
DA:26,1
DA:28,1
DA:30,1
DA:32,1
DA:34,1
DA:36,1
DA:38,1
DA:40,1
DA:42,1
DA:44,1
DA:46,1
DA:48,1
DA:50,1
DA:52,1
DA:54,1
DA:56,1
DA:58,1
DA:60,1
DA:62,1
DA:64,1
DA:66,1
DA:68,1
DA:70,1
DA:72,1
DA:74,1
DA:76,1
DA:78,1
DA:80,1
DA:82,1
DA:84,1
DA:86,1
DA:88,1
DA:90,1
DA:92,1
DA:94,1
DA:96,1
DA:98,1
DA:100,1
DA:102,1
DA:104,1
LF:52
LH:52
BRDA:2,0,0,1
BRDA:2,0,1,1
BRDA:2,0,2,1
BRDA:2,0,3,1
BRDA:2,0,4,1
BRDA:2,0,5,1
BRDA:2,0,6,1
BRDA:2,0,7,1
BRDA:2,0,8,1
BRDA:2,0,9,1
BRDA:2,0,10,1
BRDA:2,0,11,1
BRDA:2,0,12,1
BRDA:2,0,13,1
BRDA:2,0,14,1
BRDA:2,0,15,1
BRDA:2,0,16,1
BRDA:2,0,17,1
BRDA:2,0,18,1
BRDA:2,0,19,1
BRDA:2,0,20,1
BRDA:2,0,21,1
BRDA:2,0,22,1
BRDA:2,0,23,1
BRDA:2,0,24,1
BRDA:2,0,25,1
BRDA:2,0,26,1
BRDA:2,0,27,1
BRDA:2,0,28,1
BRDA:2,0,29,1
BRDA:2,0,30,1
BRDA:2,0,31,1
BRDA:2,0,32,1
BRDA:2,0,33,1
BRDA:2,0,34,1
BRDA:2,0,35,1
BRDA:2,0,36,1
BRDA:2,0,37,1
BRDA:2,0,38,1
BRDA:2,0,39,1
BRDA:2,0,40,1
BRDA:2,0,41,1
BRDA:2,0,42,1
BRDA:2,0,43,1
BRDA:2,0,44,1
BRDA:2,0,45,1
BRDA:2,0,46,1
BRDA:2,0,47,1
BRDA:2,0,48,1
BRDA:2,0,49,1
BRDA:2,0,50,1
BRF:51
BRH:51
end_of_record
TN:
SF:C:\Users\fusi0\IdeaProjects\codename-arcane-island\components\utils\parseDate.js
FN:3,parseDate
FNF:1
FNH:1
FNDA:5,parseDate
DA:4,5
DA:5,1
DA:7,4
DA:8,4
DA:9,4
DA:10,37
DA:11,2
DA:13,35
DA:14,3
DA:16,35
DA:17,30
DA:20,2
LF:12
LH:12
BRDA:4,0,0,1
BRDA:4,0,1,4
BRDA:4,1,0,5
BRDA:4,1,1,4
BRDA:10,2,0,2
BRDA:10,2,1,35
BRDA:10,3,0,37
BRDA:10,3,1,29
BRDA:13,4,0,3
BRDA:13,4,1,32
BRDA:13,5,0,35
BRDA:13,5,1,8
BRDA:13,5,2,7
BRDA:16,6,0,30
BRDA:16,6,1,5
BRF:15
BRH:15
end_of_record
TN:
SF:C:\Users\fusi0\IdeaProjects\codename-arcane-island\components\utils\sanitized.js
FN:1,sanitized
FNF:1
FNH:1
FNDA:4,sanitized
DA:2,4
LF:1
LH:1
BRDA:2,0,0,1
BRDA:2,0,1,3
BRDA:2,1,0,4
BRDA:2,1,1,3
BRF:4
BRH:4
end_of_record
