TN:
SF:C:\Users\fusi0\IdeaProjects\codename-arcane-island\components\utils\addSpacing.js
FN:1,addSpacing
FNF:1
FNH:1
FNDA:6,addSpacing
DA:2,6
DA:3,1
DA:5,5
DA:6,5
DA:7,18
DA:8,3
DA:11,15
DA:14,5
LF:8
LH:8
BRDA:2,0,0,1
BRDA:2,0,1,5
BRDA:7,1,0,3
BRDA:7,1,1,15
BRF:4
BRH:4
end_of_record
TN:
SF:C:\Users\fusi0\IdeaProjects\codename-arcane-island\components\utils\capitalize.js
FN:1,capitalize
FNF:1
FNH:1
FNDA:8,capitalize
DA:2,8
DA:3,1
DA:5,7
DA:6,7
DA:7,50
DA:8,6
DA:11,44
DA:14,7
LF:8
LH:8
BRDA:2,0,0,1
BRDA:2,0,1,7
BRDA:7,1,0,6
BRDA:7,1,1,44
BRF:4
BRH:4
end_of_record
TN:
SF:C:\Users\fusi0\IdeaProjects\codename-arcane-island\components\utils\convertStringToDate.js
FN:1,toDate
FNF:1
FNH:1
FNDA:8,toDate
DA:2,8
DA:3,8
DA:4,7
DA:5,7
DA:8,1
LF:5
LH:5
BRDA:5,0,0,1
BRDA:5,0,1,6
BRDA:5,1,0,7
BRDA:5,1,1,4
BRDA:5,1,2,3
BRDA:5,1,3,3
BRDA:5,1,4,3
BRF:7
BRH:7
end_of_record
